RUN	users.UsersSimulation	userssimulation	1657226961500	 	3.7.4
USER	Get users	START	1657226962099
USER	Get users	START	1657226961604
USER	Get users	START	1657226962604
USER	Get users	START	1657226963110
USER	Get users	START	1657226963597
USER	Get users	START	1657226964087
REQUEST		GET /users	1657226963972	1657226964275	OK	 
REQUEST		GET /users/1	1657226964429	1657226964613	OK	 
USER	Get users	END	1657226964643
USER	Get users	START	1657226964650
REQUEST		GET /users	1657226963972	1657226964250	OK	 
REQUEST		GET /users/1	1657226964432	1657226964701	OK	 
USER	Get users	END	1657226964703
REQUEST		GET /users	1657226963972	1657226964250	OK	 
REQUEST		GET /users/1	1657226964426	1657226964716	OK	 
REQUEST		GET /users	1657226964134	1657226964347	OK	 
REQUEST		GET /users/1	1657226964432	1657226964723	OK	 
USER	Get users	END	1657226964724
USER	Get users	END	1657226964724
REQUEST		GET /users	1657226963972	1657226964251	OK	 
REQUEST		GET /users/1	1657226964433	1657226964726	OK	 
USER	Get users	END	1657226964746
REQUEST		GET /users	1657226963972	1657226964251	OK	 
REQUEST		GET /users/1	1657226964433	1657226964798	OK	 
USER	Get users	END	1657226964800
REQUEST		GET /users	1657226964692	1657226964903	OK	 
REQUEST		GET /users/1	1657226964910	1657226965087	OK	 
USER	Get users	END	1657226965089
USER	Get users	START	1657226965100
REQUEST		GET /users	1657226965118	1657226965326	OK	 
REQUEST		GET /users/1	1657226965333	1657226965487	OK	 
USER	Get users	END	1657226965488
USER	Get users	START	1657226965602
REQUEST		GET /users	1657226965618	1657226965794	OK	 
REQUEST		GET /users/1	1657226965799	1657226965923	OK	 
USER	Get users	END	1657226965925
USER	Get users	START	1657226966089
REQUEST		GET /users	1657226966102	1657226966241	OK	 
REQUEST		GET /users/1	1657226966248	1657226966452	OK	 
USER	Get users	END	1657226966453
