RUN	users.UsersSimulation	userssimulation	1657219620814	 	3.7.4
USER	Get users	START	1657219621427
USER	Get users	START	1657219620926
USER	Get users	START	1657219621914
USER	Get users	START	1657219622418
USER	Get users	START	1657219622920
USER	Get users	START	1657219623405
REQUEST		GET /users	1657219623388	1657219623621	OK	 
REQUEST		GET /users/1	1657219623713	1657219623878	OK	 
REQUEST		GET /users	1657219623388	1657219623610	OK	 
REQUEST		GET /users/1	1657219623713	1657219623886	OK	 
USER	Get users	END	1657219623890
USER	Get users	END	1657219623890
REQUEST		GET /users	1657219623388	1657219623611	OK	 
REQUEST		GET /users/1	1657219623714	1657219623909	OK	 
USER	Get users	END	1657219623914
REQUEST		GET /users	1657219623433	1657219623626	OK	 
REQUEST		GET /users/1	1657219623721	1657219623919	OK	 
USER	Get users	END	1657219623922
REQUEST		GET /users	1657219623388	1657219623624	OK	 
REQUEST		GET /users/1	1657219623713	1657219623925	OK	 
USER	Get users	END	1657219623927
REQUEST		GET /users	1657219623388	1657219623610	OK	 
REQUEST		GET /users/1	1657219623714	1657219623945	OK	 
USER	Get users	END	1657219623948
USER	Get users	START	1657219623905
REQUEST		GET /users	1657219623990	1657219624197	OK	 
REQUEST		GET /users/1	1657219624207	1657219624387	OK	 
USER	Get users	END	1657219624390
USER	Get users	START	1657219624408
REQUEST		GET /users	1657219624423	1657219624674	OK	 
REQUEST		GET /users/1	1657219624681	1657219624850	OK	 
USER	Get users	END	1657219624852
USER	Get users	START	1657219624910
REQUEST		GET /users	1657219624920	1657219625075	OK	 
REQUEST		GET /users/1	1657219625078	1657219625244	OK	 
USER	Get users	END	1657219625246
USER	Get users	START	1657219625405
REQUEST		GET /users	1657219625420	1657219625544	OK	 
REQUEST		GET /users/1	1657219625556	1657219625747	OK	 
USER	Get users	END	1657219625749
