RUN	users.UsersSimulation	userssimulation	1657214428961	 	3.7.4
USER	Get users	START	1657214430089
USER	Get users	START	1657214429583
USER	Get users	START	1657214429100
USER	Get users	START	1657214430590
USER	Get users	START	1657214431091
USER	Get users	START	1657214431570
USER	Get users	START	1657214432071
USER	Get users	START	1657214432584
USER	Get users	START	1657214433081
REQUEST		GET /users	1657214432745	1657214433479	OK	 
REQUEST		GET /users	1657214432745	1657214433479	OK	 
REQUEST		GET /users/1	1657214433865	1657214434067	OK	 
REQUEST		GET /users/1	1657214433863	1657214434066	OK	 
REQUEST		GET /users	1657214432744	1657214433426	OK	 
REQUEST		GET /users/1	1657214433852	1657214434083	OK	 
USER	Get users	END	1657214434080
USER	Get users	END	1657214434081
USER	Get users	END	1657214434086
REQUEST		GET /users	1657214432744	1657214433208	OK	 
REQUEST		GET /users/1	1657214433852	1657214434097	OK	 
USER	Get users	END	1657214434223
REQUEST		GET /users	1657214432745	1657214433204	OK	 
REQUEST		GET /users/1	1657214433853	1657214434112	OK	 
USER	Get users	END	1657214434370
REQUEST		GET /users	1657214432745	1657214433479	OK	 
REQUEST		GET /users	1657214432744	1657214433479	OK	 
REQUEST		GET /users/1	1657214433860	1657214434130	OK	 
REQUEST		GET /users/1	1657214433860	1657214434129	OK	 
USER	Get users	END	1657214434372
USER	Get users	END	1657214434372
REQUEST		GET /users	1657214432745	1657214433489	OK	 
REQUEST		GET /users/1	1657214433858	1657214434141	OK	 
USER	Get users	START	1657214434300
USER	Get users	END	1657214434486
REQUEST		GET /users	1657214434222	1657214434399	OK	 
REQUEST		GET /users/1	1657214434675	1657214434817	OK	 
USER	Get users	END	1657214434820
REQUEST		GET /users	1657214434674	1657214434879	OK	 
REQUEST		GET /users/1	1657214434886	1657214435062	OK	 
USER	Get users	END	1657214435065
