RUN	users.UsersSimulation	userssimulation	1657216110263	 	3.7.4
USER	Get users	START	1657216111366
USER	Get users	START	1657216112911
USER	Get users	START	1657216110882
USER	Get users	START	1657216112377
USER	Get users	START	1657216111891
USER	Get users	START	1657216113340
USER	Get users	START	1657216113832
USER	Get users	START	1657216114331
USER	Get users	START	1657216114832
REQUEST		GET /users	1657216115709	1657216115995	OK	 
REQUEST		GET /users/1	1657216116313	1657216116472	OK	 
REQUEST		GET /users	1657216115710	1657216115995	OK	 
REQUEST		GET /users/1	1657216116315	1657216116502	OK	 
REQUEST		GET /users	1657216115710	1657216116039	OK	 
REQUEST		GET /users/1	1657216116321	1657216116509	OK	 
USER	Get users	END	1657216116483
REQUEST		GET /users	1657216115706	1657216115996	OK	 
USER	Get users	END	1657216116508
USER	Get users	END	1657216116511
REQUEST		GET /users/1	1657216116323	1657216116511	OK	 
REQUEST		GET /users	1657216115710	1657216115996	OK	 
REQUEST		GET /users/1	1657216116323	1657216116512	OK	 
REQUEST		GET /users	1657216115706	1657216116011	OK	 
REQUEST		GET /users/1	1657216116330	1657216116516	OK	 
REQUEST		GET /users	1657216115710	1657216115999	OK	 
REQUEST		GET /users/1	1657216116320	1657216116519	OK	 
USER	Get users	END	1657216116513
USER	Get users	END	1657216116518
USER	Get users	END	1657216116518
USER	Get users	END	1657216116522
REQUEST		GET /users	1657216115706	1657216115996	OK	 
REQUEST		GET /users/1	1657216116327	1657216116554	OK	 
USER	Get users	END	1657216116558
USER	Get users	START	1657216116528
REQUEST		GET /users	1657216116549	1657216116690	OK	 
REQUEST		GET /users/1	1657216116696	1657216116859	OK	 
USER	Get users	END	1657216116861
REQUEST		GET /users	1657216116588	1657216116756	OK	 
REQUEST		GET /users/1	1657216116763	1657216116913	OK	 
USER	Get users	END	1657216116916
