RUN	users.UsersSimulation	userssimulation	1657228196406	 	3.7.4
USER	Get users	START	1657228196978
USER	Get users	START	1657228196489
USER	Get users	START	1657228197487
USER	Get users	START	1657228197988
USER	Get users	START	1657228198493
USER	Get users	START	1657228199039
REQUEST		GET /users	1657228198521	1657228198745	OK	 
REQUEST		GET /users/1	1657228198846	1657228199146	OK	 
USER	Get users	END	1657228199155
REQUEST		GET /users	1657228198513	1657228198745	OK	 
REQUEST		GET /users/1	1657228198857	1657228199164	OK	 
USER	Get users	END	1657228199166
REQUEST		GET /users	1657228198512	1657228198745	OK	 
REQUEST		GET /users/1	1657228198858	1657228199212	OK	 
REQUEST		GET /users	1657228198513	1657228198745	OK	 
REQUEST		GET /users/1	1657228198867	1657228199244	OK	 
USER	Get users	END	1657228199248
USER	Get users	END	1657228199262
REQUEST		GET /users	1657228198512	1657228198745	OK	 
REQUEST		GET /users/1	1657228198972	1657228199332	OK	 
USER	Get users	END	1657228199344
USER	Get users	START	1657228199497
REQUEST		GET /users	1657228199157	1657228199484	OK	 
REQUEST		GET /users/1	1657228199493	1657228199627	OK	 
USER	Get users	END	1657228199631
REQUEST		GET /users	1657228199519	1657228199697	OK	 
REQUEST		GET /users/1	1657228199703	1657228199824	OK	 
USER	Get users	END	1657228199826
USER	Get users	START	1657228199968
REQUEST		GET /users	1657228199986	1657228200233	OK	 
REQUEST		GET /users/1	1657228200239	1657228200375	OK	 
USER	Get users	END	1657228200376
USER	Get users	START	1657228200472
REQUEST		GET /users	1657228200494	1657228200625	OK	 
REQUEST		GET /users/1	1657228200630	1657228200764	OK	 
USER	Get users	END	1657228200765
USER	Get users	START	1657228200967
REQUEST		GET /users	1657228200977	1657228201110	OK	 
REQUEST		GET /users/1	1657228201114	1657228201315	OK	 
USER	Get users	END	1657228201316
