RUN	users.UsersSimulation	userssimulation	1657218648920	 	3.7.4
USER	Get users	START	1657218650116
USER	Get users	START	1657218649147
USER	Get users	START	1657218649613
USER	Get users	START	1657218650625
USER	Get users	START	1657218651132
USER	Get users	START	1657218651583
USER	Get users	START	1657218652084
USER	Get users	START	1657218652584
USER	Get users	START	1657218653085
REQUEST		GET /users	1657218652657	1657218652932	OK	 
REQUEST		GET /users/1	1657218653153	1657218653366	OK	 
REQUEST		GET /users	1657218652657	1657218652931	OK	 
REQUEST		GET /users/1	1657218653148	1657218653376	OK	 
USER	Get users	END	1657218653384
REQUEST		GET /users	1657218652669	1657218652965	OK	 
REQUEST		GET /users/1	1657218653125	1657218653382	OK	 
USER	Get users	END	1657218653417
USER	Get users	END	1657218653418
REQUEST		GET /users	1657218652682	1657218652931	OK	 
REQUEST		GET /users/1	1657218653119	1657218653419	OK	 
REQUEST		GET /users	1657218652679	1657218652932	OK	 
REQUEST		GET /users/1	1657218653132	1657218653421	OK	 
USER	Get users	END	1657218653439
USER	Get users	END	1657218653441
REQUEST		GET /users	1657218652668	1657218652934	OK	 
REQUEST		GET /users/1	1657218653145	1657218653430	OK	 
USER	Get users	END	1657218653858
REQUEST		GET /users	1657218652683	1657218652941	OK	 
REQUEST		GET /users/1	1657218653169	1657218653432	OK	 
REQUEST		GET /users	1657218652668	1657218652932	OK	 
USER	Get users	END	1657218653862
REQUEST		GET /users/1	1657218653156	1657218653430	OK	 
USER	Get users	END	1657218653864
USER	Get users	START	1657218653583
REQUEST		GET /users	1657218653435	1657218653603	OK	 
REQUEST		GET /users/1	1657218653945	1657218654134	OK	 
USER	Get users	END	1657218654136
REQUEST		GET /users	1657218653959	1657218654146	OK	 
REQUEST		GET /users/1	1657218654188	1657218654362	OK	 
USER	Get users	END	1657218654378
