RUN	users.UsersSimulation	userssimulation	1657572071645	venu	3.7.4
USER	Get users	START	1657572073334
USER	Get users	START	1657572071895
USER	Get users	START	1657572072832
USER	Get users	START	1657572072338
USER	Get users	START	1657572073846
USER	Get users	START	1657572074311
USER	Get users	START	1657572074810
USER	Get users	START	1657572075305
USER	Get users	START	1657572075803
REQUEST		GET /users	1657572076954	1657572077321	OK	 
REQUEST		GET /users/1	1657572077576	1657572077808	OK	 
REQUEST		GET /users	1657572076954	1657572077309	OK	 
REQUEST		GET /users/1	1657572077575	1657572077854	OK	 
REQUEST		GET /users	1657572076954	1657572077309	OK	 
REQUEST		GET /users/1	1657572077576	1657572077866	OK	 
USER	Get users	END	1657572077825
USER	Get users	END	1657572077856
REQUEST		GET /users	1657572076954	1657572077337	OK	 
REQUEST		GET /users/1	1657572077591	1657572077868	OK	 
USER	Get users	END	1657572077868
REQUEST		GET /users	1657572076954	1657572077328	OK	 
REQUEST		GET /users/1	1657572077579	1657572077869	OK	 
REQUEST		GET /users	1657572076954	1657572077309	OK	 
REQUEST		GET /users	1657572076954	1657572077309	OK	 
REQUEST		GET /users/1	1657572077584	1657572077885	OK	 
REQUEST		GET /users/1	1657572077574	1657572077869	OK	 
USER	Get users	END	1657572077890
USER	Get users	END	1657572077895
REQUEST		GET /users	1657572076954	1657572077309	OK	 
USER	Get users	END	1657572077960
USER	Get users	END	1657572077961
REQUEST		GET /users/1	1657572077575	1657572077911	OK	 
USER	Get users	END	1657572077962
USER	Get users	START	1657572077918
REQUEST		GET /users	1657572078018	1657572078178	OK	 
REQUEST		GET /users/1	1657572078184	1657572078439	OK	 
USER	Get users	END	1657572078441
REQUEST		GET /users	1657572078025	1657572078234	OK	 
REQUEST		GET /users/1	1657572078402	1657572078574	OK	 
USER	Get users	END	1657572078575
