RUN	users.UsersSimulation	userssimulation	1657571158849	venu	3.7.4
USER	Get users	START	1657571159154
USER	Get users	START	1657571160054
USER	Get users	START	1657571159555
USER	Get users	START	1657571160559
USER	Get users	START	1657571161051
USER	Get users	START	1657571161532
USER	Get users	START	1657571162045
USER	Get users	START	1657571162534
USER	Get users	START	1657571163046
REQUEST		GET /users	1657571164319	1657571164864	OK	 
REQUEST		GET /users/1	1657571165695	1657571165917	OK	 
REQUEST		GET /users	1657571164325	1657571165168	OK	 
REQUEST		GET /users/1	1657571165709	1657571165931	OK	 
REQUEST		GET /users	1657571164326	1657571165167	OK	 
REQUEST		GET /users/1	1657571165709	1657571165960	OK	 
REQUEST		GET /users	1657571164325	1657571164912	OK	 
REQUEST		GET /users/1	1657571165709	1657571165961	OK	 
USER	Get users	END	1657571165936
USER	Get users	END	1657571165962
USER	Get users	END	1657571165963
USER	Get users	END	1657571165964
REQUEST		GET /users	1657571164319	1657571165126	OK	 
REQUEST		GET /users/1	1657571165695	1657571165963	OK	 
REQUEST		GET /users	1657571164324	1657571165125	OK	 
REQUEST		GET /users/1	1657571165695	1657571165962	OK	 
USER	Get users	END	1657571166041
USER	Get users	END	1657571166042
USER	Get users	START	1657571165959
REQUEST		GET /users	1657571164318	1657571165168	OK	 
REQUEST		GET /users/1	1657571165708	1657571165969	OK	 
REQUEST		GET /users	1657571164327	1657571165084	OK	 
USER	Get users	END	1657571166086
REQUEST		GET /users/1	1657571165697	1657571166079	OK	 
USER	Get users	END	1657571166089
REQUEST		GET /users	1657571166039	1657571166286	OK	 
REQUEST		GET /users/1	1657571166291	1657571166449	OK	 
USER	Get users	END	1657571166450
REQUEST		GET /users	1657571166088	1657571166338	OK	 
REQUEST		GET /users/1	1657571166346	1657571166565	OK	 
USER	Get users	END	1657571166567
