RUN	users.UsersSimulation	userssimulation	1657217004091	 	3.7.4
USER	Get users	START	1657217004691
USER	Get users	START	1657217004194
USER	Get users	START	1657217005183
USER	Get users	START	1657217005687
USER	Get users	START	1657217006196
USER	Get users	START	1657217006683
REQUEST		GET /users	1657217006546	1657217006797	OK	 
REQUEST		GET /users	1657217006546	1657217006797	OK	 
REQUEST		GET /users/1	1657217006964	1657217007158	OK	 
REQUEST		GET /users/1	1657217006963	1657217007157	OK	 
USER	Get users	END	1657217007167
USER	Get users	END	1657217007167
REQUEST		GET /users	1657217006546	1657217006797	OK	 
REQUEST		GET /users/1	1657217006963	1657217007174	OK	 
USER	Get users	END	1657217007175
REQUEST		GET /users	1657217006546	1657217006797	OK	 
REQUEST		GET /users/1	1657217006971	1657217007175	OK	 
REQUEST		GET /users	1657217006546	1657217006802	OK	 
USER	Get users	END	1657217007177
REQUEST		GET /users/1	1657217006965	1657217007174	OK	 
USER	Get users	END	1657217007178
USER	Get users	START	1657217007179
REQUEST		GET /users	1657217006707	1657217006860	OK	 
REQUEST		GET /users/1	1657217006973	1657217007206	OK	 
USER	Get users	END	1657217007209
REQUEST		GET /users	1657217007212	1657217007435	OK	 
REQUEST		GET /users/1	1657217007442	1657217007620	OK	 
USER	Get users	END	1657217007622
USER	Get users	START	1657217007683
REQUEST		GET /users	1657217007714	1657217007874	OK	 
REQUEST		GET /users/1	1657217007888	1657217008007	OK	 
USER	Get users	END	1657217008009
USER	Get users	START	1657217008205
REQUEST		GET /users	1657217008243	1657217008424	OK	 
REQUEST		GET /users/1	1657217008429	1657217008569	OK	 
USER	Get users	END	1657217008570
USER	Get users	START	1657217008690
REQUEST		GET /users	1657217008702	1657217008829	OK	 
REQUEST		GET /users/1	1657217008835	1657217008992	OK	 
USER	Get users	END	1657217008994
