RUN	users.UsersSimulation	userssimulation	1657245282372	 	3.7.4
USER	Get users	START	1657245284035
USER	Get users	START	1657245282562
USER	Get users	START	1657245283036
USER	Get users	START	1657245283535
USER	Get users	START	1657245284546
USER	Get users	START	1657245285029
USER	Get users	START	1657245285532
USER	Get users	START	1657245286031
USER	Get users	START	1657245286525
REQUEST		GET /users	1657245286835	1657245287640	OK	 
REQUEST		GET /users/1	1657245287651	1657245288058	OK	 
REQUEST		GET /users	1657245286835	1657245287659	OK	 
REQUEST		GET /users	1657245286835	1657245287215	OK	 
REQUEST		GET /users/1	1657245287969	1657245288138	OK	 
REQUEST		GET /users/1	1657245287969	1657245288160	OK	 
REQUEST		GET /users	1657245286835	1657245287240	OK	 
REQUEST		GET /users/1	1657245287980	1657245288167	OK	 
REQUEST		GET /users	1657245286835	1657245287667	OK	 
REQUEST		GET /users/1	1657245288247	1657245288471	OK	 
USER	Get users	END	1657245288270
USER	Get users	END	1657245288289
USER	Get users	END	1657245288289
USER	Get users	END	1657245288353
USER	Get users	END	1657245288479
REQUEST		GET /users	1657245286835	1657245287752	OK	 
REQUEST		GET /users/1	1657245288246	1657245288518	OK	 
USER	Get users	END	1657245288523
REQUEST		GET /users	1657245286835	1657245287767	OK	 
REQUEST		GET /users/1	1657245288467	1657245288643	OK	 
USER	Get users	END	1657245288646
REQUEST		GET /users	1657245286835	1657245287767	OK	 
REQUEST		GET /users/1	1657245288467	1657245288659	OK	 
USER	Get users	END	1657245288664
REQUEST		GET /users	1657245288323	1657245288537	OK	 
REQUEST		GET /users/1	1657245288548	1657245288690	OK	 
USER	Get users	END	1657245288692
USER	Get users	START	1657245288279
REQUEST		GET /users	1657245299231	1657245299374	OK	 
REQUEST		GET /users/1	1657245299378	1657245299504	OK	 
USER	Get users	END	1657245299506
