RUN	users.UsersSimulation	userssimulation	1657252136597	venu	3.7.4
USER	Get users	START	1657252136769
USER	Get users	START	1657252137751
USER	Get users	START	1657252137254
USER	Get users	START	1657252138264
USER	Get users	START	1657252138756
USER	Get users	START	1657252139238
USER	Get users	START	1657252139746
USER	Get users	START	1657252140247
USER	Get users	START	1657252140739
REQUEST		GET /users	1657252141294	1657252141689	OK	 
REQUEST		GET /users/1	1657252142468	1657252142736	OK	 
REQUEST		GET /users	1657252141296	1657252141689	OK	 
REQUEST		GET /users/1	1657252143146	1657252143301	OK	 
USER	Get users	END	1657252143170
USER	Get users	END	1657252143309
REQUEST		GET /users	1657252141294	1657252141690	OK	 
REQUEST		GET /users/1	1657252143154	1657252143314	OK	 
USER	Get users	END	1657252143318
REQUEST		GET /users	1657252141296	1657252141705	OK	 
REQUEST		GET /users/1	1657252143155	1657252143316	OK	 
REQUEST		GET /users	1657252141295	1657252141692	OK	 
REQUEST		GET /users/1	1657252143154	1657252143327	OK	 
USER	Get users	END	1657252143409
USER	Get users	END	1657252143410
REQUEST		GET /users	1657252141294	1657252141689	OK	 
REQUEST		GET /users/1	1657252143156	1657252143327	OK	 
USER	Get users	END	1657252143471
REQUEST		GET /users	1657252141313	1657252141689	OK	 
REQUEST		GET /users/1	1657252143154	1657252143346	OK	 
USER	Get users	START	1657252143401
USER	Get users	END	1657252143476
REQUEST		GET /users	1657252141301	1657252141691	OK	 
REQUEST		GET /users/1	1657252143157	1657252143329	OK	 
USER	Get users	END	1657252143490
REQUEST		GET /users	1657252143303	1657252143492	OK	 
REQUEST		GET /users/1	1657252143562	1657252143716	OK	 
USER	Get users	END	1657252143725
REQUEST		GET /users	1657252143555	1657252143701	OK	 
REQUEST		GET /users/1	1657252143731	1657252143891	OK	 
USER	Get users	END	1657252143893
