RUN	users.UsersSimulation	userssimulation	1658163378900	venu	3.7.4
USER	Get users	START	1658163379154
USER	Get users	START	1658163379632
USER	Get users	START	1658163380145
USER	Get users	START	1658163380638
USER	Get users	START	1658163381150
USER	Get users	START	1658163381597
USER	Get users	START	1658163382089
USER	Get users	START	1658163382595
USER	Get users	START	1658163383086
REQUEST		GET /users	1658163383083	1658163383650	OK	 
REQUEST		GET /users/1	1658163384206	1658163384430	OK	 
REQUEST		GET /users	1658163383083	1658163383581	OK	 
REQUEST		GET /users/1	1658163384203	1658163384442	OK	 
REQUEST		GET /users	1658163383080	1658163383750	OK	 
REQUEST		GET /users/1	1658163384210	1658163384457	OK	 
REQUEST		GET /users	1658163383084	1658163383741	OK	 
REQUEST		GET /users/1	1658163384208	1658163384457	OK	 
USER	Get users	END	1658163384440
USER	Get users	END	1658163384444
USER	Get users	END	1658163384459
USER	Get users	END	1658163384460
REQUEST		GET /users	1658163383080	1658163383644	OK	 
REQUEST		GET /users/1	1658163384204	1658163384504	OK	 
USER	Get users	END	1658163384508
REQUEST		GET /users	1658163383084	1658163383631	OK	 
REQUEST		GET /users	1658163383083	1658163383738	OK	 
REQUEST		GET /users/1	1658163384207	1658163384504	OK	 
REQUEST		GET /users/1	1658163384204	1658163384504	OK	 
USER	Get users	END	1658163384516
REQUEST		GET /users	1658163383083	1658163383613	OK	 
REQUEST		GET /users/1	1658163384202	1658163384510	OK	 
USER	Get users	END	1658163384517
USER	Get users	END	1658163384517
USER	Get users	START	1658163384545
REQUEST		GET /users	1658163384455	1658163384719	OK	 
REQUEST		GET /users/1	1658163384757	1658163384911	OK	 
USER	Get users	END	1658163384914
REQUEST		GET /users	1658163384573	1658163384724	OK	 
REQUEST		GET /users/1	1658163384761	1658163384914	OK	 
USER	Get users	END	1658163384917
