RUN	users.UsersSimulation	userssimulation	1657245460657	 	3.7.4
USER	Get users	START	1657245461301
USER	Get users	START	1657245461804
USER	Get users	START	1657245460809
USER	Get users	START	1657245462290
USER	Get users	START	1657245462792
USER	Get users	START	1657245463289
USER	Get users	START	1657245463784
USER	Get users	START	1657245464288
REQUEST		GET /users	1657245463630	1657245463912	OK	 
REQUEST		GET /users/1	1657245464156	1657245464356	OK	 
REQUEST		GET /users	1657245463630	1657245463912	OK	 
REQUEST		GET /users/1	1657245464159	1657245464374	OK	 
USER	Get users	END	1657245464370
REQUEST		GET /users	1657245463630	1657245463933	OK	 
REQUEST		GET /users/1	1657245464161	1657245464378	OK	 
USER	Get users	END	1657245464379
USER	Get users	END	1657245464382
REQUEST		GET /users	1657245463630	1657245463912	OK	 
REQUEST		GET /users	1657245463630	1657245463912	OK	 
REQUEST		GET /users/1	1657245464156	1657245464398	OK	 
REQUEST		GET /users/1	1657245464156	1657245464399	OK	 
USER	Get users	END	1657245464401
USER	Get users	END	1657245464401
REQUEST		GET /users	1657245463630	1657245463913	OK	 
REQUEST		GET /users	1657245463812	1657245464008	OK	 
REQUEST		GET /users/1	1657245464166	1657245464404	OK	 
REQUEST		GET /users/1	1657245464159	1657245464403	OK	 
USER	Get users	END	1657245464428
USER	Get users	END	1657245464429
REQUEST		GET /users	1657245464433	1657245464575	OK	 
REQUEST		GET /users/1	1657245464590	1657245464730	OK	 
USER	Get users	END	1657245464731
USER	Get users	START	1657245464782
REQUEST		GET /users	1657245464799	1657245464945	OK	 
REQUEST		GET /users/1	1657245464950	1657245465130	OK	 
USER	Get users	END	1657245465132
USER	Get users	START	1657245465286
REQUEST		GET /users	1657245465299	1657245465453	OK	 
REQUEST		GET /users/1	1657245465458	1657245465575	OK	 
USER	Get users	END	1657245465577
