RUN	users.UsersSimulation	userssimulation	1657219428331	 	3.7.4
USER	Get users	START	1657219429422
USER	Get users	START	1657219428911
USER	Get users	START	1657219428418
USER	Get users	START	1657219429919
USER	Get users	START	1657219430421
USER	Get users	START	1657219430901
USER	Get users	START	1657219431401
USER	Get users	START	1657219431900
REQUEST		GET /users	1657219431485	1657219431850	OK	 
REQUEST		GET /users	1657219431485	1657219431850	OK	 
REQUEST		GET /users/1	1657219432043	1657219432358	OK	 
REQUEST		GET /users/1	1657219432053	1657219432335	OK	 
REQUEST		GET /users	1657219431485	1657219431851	OK	 
REQUEST		GET /users/1	1657219432048	1657219432343	OK	 
USER	Get users	END	1657219432365
USER	Get users	END	1657219432365
USER	Get users	END	1657219432365
REQUEST		GET /users	1657219431485	1657219431850	OK	 
REQUEST		GET /users/1	1657219432065	1657219432387	OK	 
REQUEST		GET /users	1657219431484	1657219431850	OK	 
REQUEST		GET /users/1	1657219432042	1657219432420	OK	 
REQUEST		GET /users	1657219431484	1657219431908	OK	 
REQUEST		GET /users/1	1657219432063	1657219432429	OK	 
REQUEST		GET /users	1657219431484	1657219431851	OK	 
REQUEST		GET /users/1	1657219432061	1657219432458	OK	 
USER	Get users	END	1657219432517
USER	Get users	END	1657219432617
USER	Get users	END	1657219432621
USER	Get users	END	1657219432665
USER	Get users	START	1657219432464
REQUEST		GET /users	1657219432079	1657219432387	OK	 
REQUEST		GET /users/1	1657219432621	1657219432805	OK	 
USER	Get users	END	1657219432807
USER	Get users	START	1657219432903
REQUEST		GET /users	1657219432682	1657219432853	OK	 
REQUEST		GET /users/1	1657219432860	1657219432984	OK	 
USER	Get users	END	1657219432985
REQUEST		GET /users	1657219432914	1657219433067	OK	 
REQUEST		GET /users/1	1657219433071	1657219433229	OK	 
USER	Get users	END	1657219433230
