RUN	users.UsersSimulation	userssimulation	1657228329201	 	3.7.4
USER	Get users	START	1657228329795
USER	Get users	START	1657228329293
USER	Get users	START	1657228330288
USER	Get users	START	1657228330792
USER	Get users	START	1657228331295
USER	Get users	START	1657228331774
REQUEST		GET /users	1657228331694	1657228331952	OK	 
REQUEST		GET /users	1657228331694	1657228331952	OK	 
REQUEST		GET /users/1	1657228332076	1657228332268	OK	 
REQUEST		GET /users/1	1657228332077	1657228332267	OK	 
USER	Get users	END	1657228332277
USER	Get users	END	1657228332277
REQUEST		GET /users	1657228331694	1657228332004	OK	 
REQUEST		GET /users/1	1657228332077	1657228332300	OK	 
REQUEST		GET /users	1657228331694	1657228332024	OK	 
REQUEST		GET /users/1	1657228332076	1657228332302	OK	 
USER	Get users	END	1657228332304
USER	Get users	END	1657228332304
REQUEST		GET /users	1657228331694	1657228331952	OK	 
REQUEST		GET /users/1	1657228332077	1657228332304	OK	 
USER	Get users	END	1657228332389
REQUEST		GET /users	1657228331802	1657228331971	OK	 
REQUEST		GET /users/1	1657228332076	1657228332306	OK	 
USER	Get users	END	1657228332455
USER	Get users	START	1657228332277
USER	Get users	START	1657228332772
REQUEST		GET /users	1657228332507	1657228332664	OK	 
REQUEST		GET /users/1	1657228332672	1657228332832	OK	 
USER	Get users	END	1657228332835
REQUEST		GET /users	1657228332788	1657228332923	OK	 
REQUEST		GET /users/1	1657228332930	1657228333082	OK	 
USER	Get users	END	1657228333085
USER	Get users	START	1657228333284
REQUEST		GET /users	1657228333303	1657228333445	OK	 
REQUEST		GET /users/1	1657228333452	1657228333590	OK	 
USER	Get users	END	1657228333592
USER	Get users	START	1657228333774
REQUEST		GET /users	1657228333786	1657228333917	OK	 
REQUEST		GET /users/1	1657228333921	1657228334041	OK	 
USER	Get users	END	1657228334043
