RUN	users.UsersSimulation	userssimulation	1657219008055	 	3.7.4
USER	Get users	START	1657219009184
USER	Get users	START	1657219008192
USER	Get users	START	1657219008685
USER	Get users	START	1657219009689
USER	Get users	START	1657219010179
USER	Get users	START	1657219010666
USER	Get users	START	1657219011167
REQUEST		GET /users	1657219011192	1657219011334	OK	 
REQUEST		GET /users/1	1657219011500	1657219011663	OK	 
REQUEST		GET /users	1657219011067	1657219011319	OK	 
REQUEST		GET /users/1	1657219011501	1657219011670	OK	 
USER	Get users	END	1657219011674
USER	Get users	END	1657219011674
USER	Get users	START	1657219011675
REQUEST		GET /users	1657219011067	1657219011318	OK	 
REQUEST		GET /users/1	1657219011497	1657219011681	OK	 
USER	Get users	END	1657219011683
REQUEST		GET /users	1657219011067	1657219011324	OK	 
REQUEST		GET /users/1	1657219011507	1657219011686	OK	 
USER	Get users	END	1657219011696
REQUEST		GET /users	1657219011067	1657219011318	OK	 
REQUEST		GET /users/1	1657219011506	1657219011699	OK	 
REQUEST		GET /users	1657219011067	1657219011319	OK	 
REQUEST		GET /users/1	1657219011502	1657219011704	OK	 
USER	Get users	END	1657219011701
REQUEST		GET /users	1657219011067	1657219011318	OK	 
REQUEST		GET /users/1	1657219011504	1657219011710	OK	 
USER	Get users	END	1657219011711
USER	Get users	END	1657219011711
REQUEST		GET /users	1657219011717	1657219011841	OK	 
REQUEST		GET /users/1	1657219011849	1657219012017	OK	 
USER	Get users	END	1657219012020
USER	Get users	START	1657219012171
REQUEST		GET /users	1657219012193	1657219012342	OK	 
REQUEST		GET /users/1	1657219012347	1657219012482	OK	 
USER	Get users	END	1657219012483
USER	Get users	START	1657219012671
REQUEST		GET /users	1657219012684	1657219012830	OK	 
REQUEST		GET /users/1	1657219012835	1657219012968	OK	 
USER	Get users	END	1657219012970
