RUN	users.UsersSimulation	userssimulation	1657246008991	 	3.7.4
USER	Get users	START	1657246009154
USER	Get users	START	1657246009640
USER	Get users	START	1657246010143
USER	Get users	START	1657246010640
USER	Get users	START	1657246011136
USER	Get users	START	1657246011631
USER	Get users	START	1657246012131
USER	Get users	START	1657246012626
REQUEST		GET /users	1657246013364	1657246013702	OK	 
REQUEST		GET /users	1657246013364	1657246013702	OK	 
REQUEST		GET /users/1	1657246014062	1657246014297	OK	 
REQUEST		GET /users/1	1657246014062	1657246014297	OK	 
USER	Get users	END	1657246014307
USER	Get users	END	1657246014308
REQUEST		GET /users	1657246013364	1657246013702	OK	 
REQUEST		GET /users/1	1657246014063	1657246014312	OK	 
USER	Get users	END	1657246014330
REQUEST		GET /users	1657246013365	1657246013702	OK	 
REQUEST		GET /users/1	1657246014060	1657246014316	OK	 
USER	Get users	END	1657246014399
REQUEST		GET /users	1657246013365	1657246013702	OK	 
REQUEST		GET /users/1	1657246014053	1657246014317	OK	 
USER	Get users	END	1657246014409
REQUEST		GET /users	1657246013364	1657246013702	OK	 
REQUEST		GET /users/1	1657246014060	1657246014335	OK	 
USER	Get users	END	1657246014515
REQUEST		GET /users	1657246013365	1657246013702	OK	 
REQUEST		GET /users/1	1657246014054	1657246014372	OK	 
REQUEST		GET /users	1657246013365	1657246013702	OK	 
REQUEST		GET /users/1	1657246014056	1657246014389	OK	 
USER	Get users	END	1657246014519
USER	Get users	END	1657246014519
USER	Get users	START	1657246014459
USER	Get users	START	1657246014475
REQUEST		GET /users	1657246014550	1657246014774	OK	 
REQUEST		GET /users/1	1657246014785	1657246014950	OK	 
USER	Get users	END	1657246014952
REQUEST		GET /users	1657246014561	1657246014834	OK	 
REQUEST		GET /users/1	1657246014842	1657246015020	OK	 
USER	Get users	END	1657246015023
