RUN	users.UsersSimulation	userssimulation	1657226529550	s	3.7.4
USER	Get users	START	1657226530156
USER	Get users	START	1657226529673
USER	Get users	START	1657226530658
USER	Get users	START	1657226531162
USER	Get users	START	1657226531668
USER	Get users	START	1657226532142
USER	Get users	START	1657226532643
USER	Get users	START	1657226533156
USER	Get users	START	1657226533642
REQUEST		GET /users	1657226533011	1657226533328	OK	 
REQUEST		GET /users	1657226533010	1657226533328	OK	 
REQUEST		GET /users/1	1657226533672	1657226533879	OK	 
REQUEST		GET /users/1	1657226533673	1657226533878	OK	 
REQUEST		GET /users	1657226533011	1657226533364	OK	 
REQUEST		GET /users/1	1657226533674	1657226533871	OK	 
USER	Get users	END	1657226533890
USER	Get users	END	1657226533890
USER	Get users	END	1657226533894
REQUEST		GET /users	1657226533011	1657226533341	OK	 
REQUEST		GET /users	1657226533010	1657226533390	OK	 
REQUEST		GET /users/1	1657226533674	1657226533910	OK	 
REQUEST		GET /users/1	1657226533672	1657226533901	OK	 
USER	Get users	END	1657226533912
REQUEST		GET /users	1657226533010	1657226533372	OK	 
REQUEST		GET /users/1	1657226533672	1657226533914	OK	 
REQUEST		GET /users	1657226533229	1657226533397	OK	 
USER	Get users	END	1657226533943
REQUEST		GET /users/1	1657226533679	1657226533914	OK	 
USER	Get users	END	1657226533945
REQUEST		GET /users	1657226533010	1657226533362	OK	 
REQUEST		GET /users/1	1657226533672	1657226533954	OK	 
USER	Get users	END	1657226533958
USER	Get users	END	1657226533958
USER	Get users	START	1657226534165
REQUEST		GET /users	1657226533898	1657226534096	OK	 
REQUEST		GET /users/1	1657226534106	1657226534366	OK	 
USER	Get users	END	1657226534370
REQUEST		GET /users	1657226534243	1657226534473	OK	 
REQUEST		GET /users/1	1657226534479	1657226534641	OK	 
USER	Get users	END	1657226534643
