RUN	users.UsersSimulation	userssimulation	1657218493613	 	3.7.4
USER	Get users	START	1657218494208
USER	Get users	START	1657218493713
USER	Get users	START	1657218494699
USER	Get users	START	1657218495203
USER	Get users	START	1657218495704
USER	Get users	START	1657218496190
USER	Get users	START	1657218496692
REQUEST		GET /users	1657218496296	1657218496623	OK	 
REQUEST		GET /users/1	1657218496764	1657218497023	OK	 
USER	Get users	END	1657218497037
REQUEST		GET /users	1657218496296	1657218496624	OK	 
REQUEST		GET /users/1	1657218496764	1657218497061	OK	 
USER	Get users	END	1657218497063
REQUEST		GET /users	1657218496296	1657218496623	OK	 
REQUEST		GET /users/1	1657218496764	1657218497070	OK	 
USER	Get users	END	1657218497073
REQUEST		GET /users	1657218496296	1657218496627	OK	 
REQUEST		GET /users/1	1657218496764	1657218497082	OK	 
USER	Get users	END	1657218497085
REQUEST		GET /users	1657218496296	1657218496623	OK	 
REQUEST		GET /users/1	1657218496772	1657218497089	OK	 
USER	Get users	END	1657218497097
REQUEST		GET /users	1657218496296	1657218496624	OK	 
REQUEST		GET /users/1	1657218496766	1657218497109	OK	 
USER	Get users	END	1657218497113
USER	Get users	START	1657218497210
REQUEST		GET /users	1657218496878	1657218497098	OK	 
REQUEST		GET /users/1	1657218497108	1657218497304	OK	 
USER	Get users	END	1657218497307
REQUEST		GET /users	1657218497329	1657218497472	OK	 
REQUEST		GET /users/1	1657218497481	1657218497613	OK	 
USER	Get users	END	1657218497615
USER	Get users	START	1657218497706
REQUEST		GET /users	1657218497720	1657218497865	OK	 
REQUEST		GET /users/1	1657218497871	1657218498036	OK	 
USER	Get users	END	1657218498039
USER	Get users	START	1657218498192
REQUEST		GET /users	1657218498207	1657218498321	OK	 
REQUEST		GET /users/1	1657218498326	1657218498467	OK	 
USER	Get users	END	1657218498468
