RUN	users.UsersSimulation	userssimulation	1657227940603	 	3.7.4
USER	Get users	START	1657227941192
USER	Get users	START	1657227940690
USER	Get users	START	1657227941680
USER	Get users	START	1657227942186
USER	Get users	START	1657227942694
REQUEST		GET /users	1657227942729	1657227942877	OK	 
REQUEST		GET /users/1	1657227943075	1657227943246	OK	 
REQUEST		GET /users	1657227942583	1657227942832	OK	 
REQUEST		GET /users	1657227942583	1657227942832	OK	 
REQUEST		GET /users/1	1657227943074	1657227943284	OK	 
REQUEST		GET /users/1	1657227943073	1657227943284	OK	 
REQUEST		GET /users	1657227942583	1657227942832	OK	 
REQUEST		GET /users/1	1657227943082	1657227943306	OK	 
USER	Get users	END	1657227943312
USER	Get users	END	1657227943312
USER	Get users	END	1657227943312
USER	Get users	END	1657227943314
USER	Get users	START	1657227943238
REQUEST		GET /users	1657227942583	1657227942832	OK	 
REQUEST		GET /users/1	1657227943086	1657227943362	OK	 
USER	Get users	END	1657227943365
USER	Get users	START	1657227943677
REQUEST		GET /users	1657227943383	1657227943520	OK	 
REQUEST		GET /users/1	1657227943529	1657227943773	OK	 
USER	Get users	END	1657227943775
REQUEST		GET /users	1657227943706	1657227943856	OK	 
REQUEST		GET /users/1	1657227943864	1657227943990	OK	 
USER	Get users	END	1657227943992
USER	Get users	START	1657227944176
REQUEST		GET /users	1657227944190	1657227944313	OK	 
REQUEST		GET /users/1	1657227944318	1657227944456	OK	 
USER	Get users	END	1657227944458
USER	Get users	START	1657227944676
REQUEST		GET /users	1657227944697	1657227944838	OK	 
REQUEST		GET /users/1	1657227944843	1657227944975	OK	 
USER	Get users	END	1657227944975
USER	Get users	START	1657227945171
REQUEST		GET /users	1657227945179	1657227945308	OK	 
REQUEST		GET /users/1	1657227945312	1657227945451	OK	 
USER	Get users	END	1657227945453
