RUN	users.UsersSimulation	userssimulation	1657248523947	venu	3.7.4
USER	Get users	START	1657248524142
USER	Get users	START	1657248524615
USER	Get users	START	1657248525118
USER	Get users	START	1657248525617
USER	Get users	START	1657248526113
USER	Get users	START	1657248526607
USER	Get users	START	1657248527109
USER	Get users	START	1657248527607
USER	Get users	START	1657248528104
REQUEST		GET /users	1657248527660	1657248527951	OK	 
REQUEST		GET /users/1	1657248528235	1657248528523	OK	 
REQUEST		GET /users	1657248527632	1657248527951	OK	 
REQUEST		GET /users/1	1657248528225	1657248528530	OK	 
REQUEST		GET /users	1657248527631	1657248527951	OK	 
REQUEST		GET /users/1	1657248528233	1657248528630	OK	 
REQUEST		GET /users	1657248527632	1657248527951	OK	 
REQUEST		GET /users	1657248527632	1657248527953	OK	 
REQUEST		GET /users	1657248527632	1657248527957	OK	 
REQUEST		GET /users/1	1657248528232	1657248528538	OK	 
REQUEST		GET /users/1	1657248528228	1657248528531	OK	 
REQUEST		GET /users/1	1657248528239	1657248528546	OK	 
REQUEST		GET /users	1657248527632	1657248527953	OK	 
REQUEST		GET /users/1	1657248528217	1657248528566	OK	 
REQUEST		GET /users	1657248527632	1657248527951	OK	 
REQUEST		GET /users/1	1657248528236	1657248528572	OK	 
USER	Get users	END	1657248528667
USER	Get users	END	1657248528667
USER	Get users	END	1657248528667
USER	Get users	END	1657248528885
USER	Get users	END	1657248528887
USER	Get users	END	1657248528889
USER	Get users	END	1657248528907
USER	Get users	END	1657248528911
USER	Get users	START	1657248528700
REQUEST		GET /users	1657248528916	1657248529072	OK	 
REQUEST		GET /users/1	1657248529078	1657248529235	OK	 
USER	Get users	END	1657248529236
REQUEST		GET /users	1657248528942	1657248529106	OK	 
REQUEST		GET /users/1	1657248529120	1657248529283	OK	 
USER	Get users	END	1657248529285
