RUN	users.UsersSimulation	userssimulation	1657220982451	 	3.7.4
USER	Get users	START	1657220983047
USER	Get users	START	1657220982555
USER	Get users	START	1657220983551
USER	Get users	START	1657220984056
USER	Get users	START	1657220984559
USER	Get users	START	1657220985036
REQUEST		GET /users	1657220984584	1657220984862	OK	 
REQUEST		GET /users/1	1657220984960	1657220985140	OK	 
REQUEST		GET /users	1657220984585	1657220984863	OK	 
REQUEST		GET /users/1	1657220984964	1657220985146	OK	 
USER	Get users	END	1657220985151
USER	Get users	END	1657220985151
REQUEST		GET /users	1657220984584	1657220984863	OK	 
REQUEST		GET /users/1	1657220984962	1657220985175	OK	 
USER	Get users	END	1657220985177
REQUEST		GET /users	1657220984584	1657220984862	OK	 
REQUEST		GET /users/1	1657220984960	1657220985199	OK	 
USER	Get users	END	1657220985200
REQUEST		GET /users	1657220984584	1657220984875	OK	 
REQUEST		GET /users/1	1657220984961	1657220985207	OK	 
USER	Get users	END	1657220985210
REQUEST		GET /users	1657220985064	1657220985253	OK	 
REQUEST		GET /users/1	1657220985262	1657220985418	OK	 
USER	Get users	END	1657220985420
USER	Get users	START	1657220985536
REQUEST		GET /users	1657220985553	1657220985766	OK	 
REQUEST		GET /users/1	1657220985772	1657220985902	OK	 
USER	Get users	END	1657220985904
USER	Get users	START	1657220986041
REQUEST		GET /users	1657220986050	1657220986171	OK	 
REQUEST		GET /users/1	1657220986175	1657220986294	OK	 
USER	Get users	END	1657220986296
USER	Get users	START	1657220986557
REQUEST		GET /users	1657220986566	1657220986739	OK	 
REQUEST		GET /users/1	1657220986743	1657220986916	OK	 
USER	Get users	END	1657220986918
USER	Get users	START	1657220987043
REQUEST		GET /users	1657220987058	1657220987227	OK	 
REQUEST		GET /users/1	1657220987231	1657220987415	OK	 
USER	Get users	END	1657220987416
