RUN	users.UsersSimulation	userssimulation	1657245768416	 	3.7.4
USER	Get users	START	1657245769570
USER	Get users	START	1657245768599
USER	Get users	START	1657245769072
USER	Get users	START	1657245770069
USER	Get users	START	1657245770585
USER	Get users	START	1657245771058
USER	Get users	START	1657245771576
USER	Get users	START	1657245772070
USER	Get users	START	1657245772568
REQUEST		GET /users	1657245772526	1657245773007	OK	 
REQUEST		GET /users	1657245772526	1657245773024	OK	 
REQUEST		GET /users/1	1657245773407	1657245773637	OK	 
REQUEST		GET /users/1	1657245773414	1657245773635	OK	 
REQUEST		GET /users	1657245772526	1657245773006	OK	 
REQUEST		GET /users/1	1657245773408	1657245773675	OK	 
USER	Get users	END	1657245773657
USER	Get users	END	1657245773671
REQUEST		GET /users	1657245772526	1657245773007	OK	 
REQUEST		GET /users/1	1657245773407	1657245773680	OK	 
REQUEST		GET /users	1657245772526	1657245773006	OK	 
REQUEST		GET /users	1657245772527	1657245773006	OK	 
REQUEST		GET /users	1657245772526	1657245773009	OK	 
REQUEST		GET /users/1	1657245773413	1657245773694	OK	 
REQUEST		GET /users/1	1657245773414	1657245773702	OK	 
REQUEST		GET /users/1	1657245773409	1657245773689	OK	 
REQUEST		GET /users	1657245772526	1657245773006	OK	 
REQUEST		GET /users/1	1657245773414	1657245773744	OK	 
USER	Get users	END	1657245773802
USER	Get users	END	1657245773815
USER	Get users	END	1657245773926
USER	Get users	END	1657245773926
USER	Get users	END	1657245773926
USER	Get users	END	1657245773941
USER	Get users	START	1657245773983
REQUEST		GET /users	1657245773662	1657245773952	OK	 
REQUEST		GET /users/1	1657245773973	1657245774147	OK	 
USER	Get users	END	1657245774149
REQUEST		GET /users	1657245774089	1657245774222	OK	 
REQUEST		GET /users/1	1657245774230	1657245774346	OK	 
USER	Get users	END	1657245774349
