RUN	users.UsersSimulation	userssimulation	1657218813950	 	3.7.4
USER	Get users	START	1657218814527
USER	Get users	START	1657218814038
USER	Get users	START	1657218815032
USER	Get users	START	1657218815538
USER	Get users	START	1657218816040
USER	Get users	START	1657218816517
USER	Get users	START	1657218817018
USER	Get users	START	1657218817532
REQUEST		GET /users	1657218816899	1657218817288	OK	 
REQUEST		GET /users/1	1657218817564	1657218817879	OK	 
REQUEST		GET /users	1657218816900	1657218817288	OK	 
REQUEST		GET /users/1	1657218817606	1657218817915	OK	 
USER	Get users	END	1657218817935
USER	Get users	END	1657218817935
REQUEST		GET /users	1657218816900	1657218817288	OK	 
REQUEST		GET /users/1	1657218817692	1657218817963	OK	 
USER	Get users	END	1657218817967
REQUEST		GET /users	1657218816900	1657218817288	OK	 
REQUEST		GET /users/1	1657218817693	1657218817986	OK	 
USER	Get users	END	1657218817990
REQUEST		GET /users	1657218816899	1657218817288	OK	 
REQUEST		GET /users/1	1657218817694	1657218817996	OK	 
USER	Get users	END	1657218817999
REQUEST		GET /users	1657218816899	1657218817288	OK	 
REQUEST		GET /users/1	1657218817694	1657218818005	OK	 
USER	Get users	END	1657218818011
REQUEST		GET /users	1657218817080	1657218817341	OK	 
REQUEST		GET /users/1	1657218817704	1657218818008	OK	 
USER	Get users	END	1657218818022
USER	Get users	START	1657218818042
REQUEST		GET /users	1657218817949	1657218818144	OK	 
REQUEST		GET /users/1	1657218818153	1657218818275	OK	 
USER	Get users	END	1657218818278
REQUEST		GET /users	1657218818074	1657218818211	OK	 
REQUEST		GET /users/1	1657218818222	1657218818417	OK	 
USER	Get users	END	1657218818420
USER	Get users	START	1657218818519
REQUEST		GET /users	1657218818530	1657218818686	OK	 
REQUEST		GET /users/1	1657218818691	1657218818846	OK	 
USER	Get users	END	1657218818847
